<?xml version="1.0" encoding="UTF-8"?>
<!-- Generated by org.testng.reporters.JUnitXMLReporter -->
<testsuite ignored="0" hostname="LTIN206013" failures="0" tests="10" name="UrbanLadderTestCases" time="101.974" errors="0" timestamp="2024-02-28T16:12:11 IST">
  <testcase classname="testNG.MainTestng" name="Searching_Bookshelves" time="5.623"/>
  <testcase classname="testNG.MainTestng" name="Apply_Slider" time="13.323"/>
  <testcase classname="testNG.MainTestng" name="Exclude_and_Sort" time="6.465"/>
  <testcase classname="testNG.MainTestng" name="Print_Submenu_items_and_productinfo" time="9.675"/>
  <testcase classname="testNG.MainTestng" name="Go_To_GiftCardsSection" time="15.007"/>
  <testcase classname="testNG.MainTestng" name="Enter_Amount" time="3.981"/>
  <testcase classname="testNG.MainTestng" name="Fill_Form_with_Invalid_info" time="4.283"/>
  <testcase classname="testNG.MainTestng" name="Capture_ErrorMessage" time="0.087"/>
  <testcase classname="testNG.MainTestng" name="Fill_Form_with_Valid_data" time="3.696"/>
  <testcase classname="testNG.MainTestng" name="Validate_Entered_Details" time="14.827"/>
</testsuite> <!-- UrbanLadderTestCases -->
