<?xml version="1.0" encoding="UTF-8"?>
<testng-results ignored="0" total="10" passed="10" failed="0" skipped="0">
  <reporter-output>
  </reporter-output>
  <suite started-at="2024-02-28T16:10:28 IST" name="Urban_Ladder_Suite" finished-at="2024-02-28T16:12:10 IST" duration-ms="101974">
    <groups>
    </groups>
    <test started-at="2024-02-28T16:10:28 IST" name="UrbanLadderTestCases" finished-at="2024-02-28T16:12:10 IST" duration-ms="101974">
      <class name="testNG.MainTestng">
        <test-method is-config="true" signature="launch(java.lang.String,java.lang.String)[pri:0, instance:testNG.MainTestng@52d239ba]" started-at="2024-02-28T16:10:29 IST" name="launch" finished-at="2024-02-28T16:10:44 IST" duration-ms="14366" status="PASS">
          <params>
            <param index="0">
              <value>
                <![CDATA[Chrome]]>
              </value>
            </param>
            <param index="1">
              <value>
                <![CDATA[https://urbanladder.com/]]>
              </value>
            </param>
          </params>
          <reporter-output>
          </reporter-output>
        </test-method> <!-- launch -->
        <test-method signature="Searching_Bookshelves()[pri:0, instance:testNG.MainTestng@52d239ba]" started-at="2024-02-28T16:10:44 IST" name="Searching_Bookshelves" finished-at="2024-02-28T16:10:49 IST" duration-ms="5623" status="PASS">
          <reporter-output>
          </reporter-output>
        </test-method> <!-- Searching_Bookshelves -->
        <test-method signature="Apply_Slider()[pri:1, instance:testNG.MainTestng@52d239ba]" started-at="2024-02-28T16:10:50 IST" name="Apply_Slider" finished-at="2024-02-28T16:11:03 IST" depends-on-methods="testNG.MainTestng.Searching_Bookshelves" duration-ms="13323" status="PASS">
          <reporter-output>
          </reporter-output>
        </test-method> <!-- Apply_Slider -->
        <test-method signature="Exclude_and_Sort()[pri:2, instance:testNG.MainTestng@52d239ba]" started-at="2024-02-28T16:11:04 IST" name="Exclude_and_Sort" finished-at="2024-02-28T16:11:10 IST" depends-on-methods="testNG.MainTestng.Searching_Bookshelves" duration-ms="6465" status="PASS">
          <reporter-output>
          </reporter-output>
        </test-method> <!-- Exclude_and_Sort -->
        <test-method signature="Print_Submenu_items_and_productinfo()[pri:3, instance:testNG.MainTestng@52d239ba]" started-at="2024-02-28T16:11:11 IST" name="Print_Submenu_items_and_productinfo" finished-at="2024-02-28T16:11:21 IST" depends-on-methods="testNG.MainTestng.Searching_Bookshelves" duration-ms="9675" status="PASS">
          <reporter-output>
          </reporter-output>
        </test-method> <!-- Print_Submenu_items_and_productinfo -->
        <test-method signature="Go_To_GiftCardsSection()[pri:4, instance:testNG.MainTestng@52d239ba]" started-at="2024-02-28T16:11:21 IST" name="Go_To_GiftCardsSection" finished-at="2024-02-28T16:11:36 IST" duration-ms="15007" status="PASS">
          <reporter-output>
          </reporter-output>
        </test-method> <!-- Go_To_GiftCardsSection -->
        <test-method signature="Enter_Amount()[pri:5, instance:testNG.MainTestng@52d239ba]" started-at="2024-02-28T16:11:37 IST" name="Enter_Amount" finished-at="2024-02-28T16:11:41 IST" depends-on-methods="testNG.MainTestng.Go_To_GiftCardsSection" duration-ms="3981" status="PASS">
          <reporter-output>
          </reporter-output>
        </test-method> <!-- Enter_Amount -->
        <test-method signature="Fill_Form_with_Invalid_info(java.lang.String,java.lang.String,java.lang.String,java.lang.String,java.lang.String,java.lang.String,java.lang.String,java.lang.String)[pri:6, instance:testNG.MainTestng@52d239ba]" started-at="2024-02-28T16:11:44 IST" name="Fill_Form_with_Invalid_info" data-provider="IncorrectDataProvider" finished-at="2024-02-28T16:11:48 IST" depends-on-methods="testNG.MainTestng.Enter_Amount" duration-ms="4283" status="PASS">
          <params>
            <param index="0">
              <value>
                <![CDATA[John Wick]]>
              </value>
            </param>
            <param index="1">
              <value>
                <![CDATA[johnwick@gmail.com]]>
              </value>
            </param>
            <param index="2">
              <value>
                <![CDATA[9175854211]]>
              </value>
            </param>
            <param index="3">
              <value>
                <![CDATA[Harry Potter]]>
              </value>
            </param>
            <param index="4">
              <value>
                <![CDATA[harrypotter]]>
              </value>
            </param>
            <param index="5">
              <value>
                <![CDATA[9175854233]]>
              </value>
            </param>
            <param index="6">
              <value>
                <![CDATA[United Kingdom]]>
              </value>
            </param>
            <param index="7">
              <value>
                <![CDATA[600130]]>
              </value>
            </param>
          </params>
          <reporter-output>
          </reporter-output>
        </test-method> <!-- Fill_Form_with_Invalid_info -->
        <test-method signature="Capture_ErrorMessage()[pri:7, instance:testNG.MainTestng@52d239ba]" started-at="2024-02-28T16:11:49 IST" name="Capture_ErrorMessage" finished-at="2024-02-28T16:11:49 IST" depends-on-methods="testNG.MainTestng.Fill_Form_with_Invalid_info" duration-ms="87" status="PASS">
          <reporter-output>
          </reporter-output>
        </test-method> <!-- Capture_ErrorMessage -->
        <test-method signature="Fill_Form_with_Valid_data(java.lang.String,java.lang.String,java.lang.String,java.lang.String,java.lang.String,java.lang.String,java.lang.String,java.lang.String)[pri:8, instance:testNG.MainTestng@52d239ba]" started-at="2024-02-28T16:11:49 IST" name="Fill_Form_with_Valid_data" data-provider="CorrectDataProvider" finished-at="2024-02-28T16:11:53 IST" depends-on-methods="testNG.MainTestng.Capture_ErrorMessage" duration-ms="3696" status="PASS">
          <params>
            <param index="0">
              <value>
                <![CDATA[John Wick]]>
              </value>
            </param>
            <param index="1">
              <value>
                <![CDATA[johnwick@gmail.com]]>
              </value>
            </param>
            <param index="2">
              <value>
                <![CDATA[9175854211]]>
              </value>
            </param>
            <param index="3">
              <value>
                <![CDATA[Harry Potter]]>
              </value>
            </param>
            <param index="4">
              <value>
                <![CDATA[harrypotter@gmail.com]]>
              </value>
            </param>
            <param index="5">
              <value>
                <![CDATA[9175854233]]>
              </value>
            </param>
            <param index="6">
              <value>
                <![CDATA[United Kingdom]]>
              </value>
            </param>
            <param index="7">
              <value>
                <![CDATA[600130]]>
              </value>
            </param>
          </params>
          <reporter-output>
          </reporter-output>
        </test-method> <!-- Fill_Form_with_Valid_data -->
        <test-method signature="Validate_Entered_Details()[pri:9, instance:testNG.MainTestng@52d239ba]" started-at="2024-02-28T16:11:53 IST" name="Validate_Entered_Details" finished-at="2024-02-28T16:12:08 IST" depends-on-methods="testNG.MainTestng.Fill_Form_with_Valid_data" duration-ms="14827" status="PASS">
          <reporter-output>
          </reporter-output>
        </test-method> <!-- Validate_Entered_Details -->
        <test-method is-config="true" signature="close()[pri:0, instance:testNG.MainTestng@52d239ba]" started-at="2024-02-28T16:12:09 IST" name="close" finished-at="2024-02-28T16:12:10 IST" duration-ms="1377" status="PASS">
          <reporter-output>
          </reporter-output>
        </test-method> <!-- close -->
      </class> <!-- testNG.MainTestng -->
    </test> <!-- UrbanLadderTestCases -->
  </suite> <!-- Urban_Ladder_Suite -->
</testng-results>
